<LinearLayout android:orientation="vertical" android:layout_width="fill_parent" android:layout_height="fill_parent" tools:actionBarNavMode="tabs" xmlns:android="http://schemas.android.com/apk/res/android" xmlns:tools="http://schemas.android.com/tools"><TextView android:text="Peaks and Valleys Test" android:textAppearance="?android:attr/textAppearanceLarge" android:layout_width="match_parent" android:layout_height="wrap_content" android:id="@+id/textView1" /><TextView android:text="Current Week is: 16" android:textAppearance="?android:attr/textAppearanceSmall" android:layout_width="match_parent" android:layout_height="wrap_content" android:id="@+id/textView5" /><Space android:layout_width="match_parent" android:layout_height="14.0dp" android:id="@+id/space1" /><TextView android:text="Best Weeks to Buy" android:textAppearance="?android:attr/textAppearanceMedium" android:layout_width="match_parent" android:layout_height="wrap_content" android:id="@+id/textView3" /><EditText android:layout_width="match_parent" android:layout_height="wrap_content" android:id="@+id/pvBestWeeksToBuyText" /><TextView android:text="Best Weeks to Sell" android:textAppearance="?android:attr/textAppearanceMedium" android:layout_width="match_parent" android:layout_height="wrap_content" android:id="@+id/textView4" /><EditText android:layout_width="match_parent" android:layout_height="wrap_content" android:id="@+id/pvBestWeeksToSellText" /><Space android:layout_width="match_parent" android:layout_height="wrap_content" android:id="@+id/space2" /><Button android:text="Calculate" android:layout_width="match_parent" android:layout_height="wrap_content" android:id="@+id/refreshButton" /></LinearLayout>